<?xml version="1.0" encoding="UTF-8"?>
<!-- Generated by org.testng.reporters.JUnitReportReporter -->
<testsuite hostname="Rohits-MacBook-Air.local" failures="0" tests="1" name="com.framework.test.LoginPageTest" time="9.820" errors="0" timestamp="2024-01-25T17:23:46 IST" skipped="0">
  <testcase classname="com.framework.test.LoginPageTest" name="test1" time="9.820"/>
  <system-out/>
</testsuite> <!-- com.framework.test.LoginPageTest -->
